Crescent has joined the game
Bulwark1 has joined the game
Bulwark2 has joined the game
Bulwark3 has joined the game
Bidbot1 has joined the game
Bidbot2 has joined the game
Everyone has joined and is ready, let's go!
Selling Picasso
Bidbot2 wins the Picasso, and pays 698
Selling Da_Vinci
Bidbot1 wins the Da_Vinci, and pays 899
Selling Da_Vinci
Bidbot1 wins the Da_Vinci, and pays 61
Selling Picasso
Bidbot2 wins the Picasso, and pays 52
Selling Picasso
Bidbot2 wins the Picasso, and pays 104
Selling Rembrandt
Bidbot2 wins the Rembrandt, and pays 57
Selling Picasso
Bidbot2 wins the Picasso, and pays 36
Selling Da_Vinci
Bidbot2 wins the Da_Vinci, and pays 48
Selling Rembrandt
Bidbot1 wins the Rembrandt, and pays 33
Selling Rembrandt
Bulwark1 wins the Rembrandt, and pays 6
Selling Da_Vinci
Crescent wins the Da_Vinci, and pays 47
Selling Picasso
Bidbot1 wins the Picasso, and pays 2
Selling Picasso
Bidbot2 wins the Picasso, and pays 3
Selling Van_Gogh
Bulwark1 wins the Van_Gogh, and pays 3
Selling Van_Gogh
Bulwark1 wins the Van_Gogh, and pays 3
Selling Van_Gogh
Bidbot1 wins the Van_Gogh, and pays 5
Selling Van_Gogh
Bulwark1 wins the Van_Gogh, and pays 3
Selling Picasso
Bidbot2 wins the Picasso, and pays 2
Selling Rembrandt
Bulwark1 wins the Rembrandt, and pays 6
Selling Van_Gogh
Bulwark1 wins the Van_Gogh, and pays 3
Selling Rembrandt
Bulwark1 wins the Rembrandt, and pays 6
Selling Picasso
Bulwark1 wins the Picasso, and pays 1
Selling Da_Vinci
Crescent wins the Da_Vinci, and pays 44
Selling Da_Vinci
Crescent wins the Da_Vinci, and pays 41
Selling Picasso
Bulwark1 wins the Picasso, and pays 1
Selling Da_Vinci
Crescent wins the Da_Vinci, and pays 38
Selling Picasso
Bulwark1 wins the Picasso, and pays 1
Selling Picasso
Bulwark1 wins the Picasso, and pays 1
Selling Rembrandt
Bulwark1 wins the Rembrandt, and pays 6
Selling Da_Vinci
Crescent wins the Da_Vinci, and pays 35
Selling Da_Vinci
Crescent wins the Da_Vinci, and pays 32
Selling Da_Vinci
Crescent wins the Da_Vinci, and pays 29
Selling Picasso
Bulwark1 wins the Picasso, and pays 1
Selling Da_Vinci
Crescent wins the Da_Vinci, and pays 26
Selling Picasso
Bulwark1 wins the Picasso, and pays 1
Selling Picasso
Bulwark1 wins the Picasso, and pays 1
Selling Picasso
Bulwark1 wins the Picasso, and pays 1
Selling Rembrandt
Bulwark1 wins the Rembrandt, and pays 6
Selling Picasso
Bulwark1 wins the Picasso, and pays 1
Selling Da_Vinci
Crescent wins the Da_Vinci, and pays 24
Selling Van_Gogh
Bulwark2 wins the Van_Gogh, and pays 3
Selling Rembrandt
Bulwark1 wins the Rembrandt, and pays 6
Selling Da_Vinci
Crescent wins the Da_Vinci, and pays 24
Selling Picasso
Bulwark1 wins the Picasso, and pays 1
Selling Rembrandt
Bulwark2 wins the Rembrandt, and pays 6
Selling Picasso
Bulwark1 wins the Picasso, and pays 1
Selling Picasso
Bulwark1 wins the Picasso, and pays 1
Selling Picasso
Bulwark1 wins the Picasso, and pays 1
Selling Rembrandt
Bulwark2 wins the Rembrandt, and pays 6
Selling Da_Vinci
Crescent wins the Da_Vinci, and pays 24
Selling Da_Vinci
Crescent wins the Da_Vinci, and pays 25
Selling Rembrandt
Bulwark1 wins the Rembrandt, and pays 7
Selling Da_Vinci
Crescent wins the Da_Vinci, and pays 26
Selling Van_Gogh
Bulwark1 wins the Van_Gogh, and pays 4
Selling Da_Vinci
Crescent wins the Da_Vinci, and pays 26
Selling Rembrandt
Bulwark1 wins the Rembrandt, and pays 7
Selling Picasso
Bulwark1 wins the Picasso, and pays 1
Selling Van_Gogh
Bulwark1 wins the Van_Gogh, and pays 4
Selling Da_Vinci
Crescent wins the Da_Vinci, and pays 27
Selling Picasso
Bulwark1 wins the Picasso, and pays 1
Selling Da_Vinci
Crescent wins the Da_Vinci, and pays 28
Selling Rembrandt
Bulwark1 wins the Rembrandt, and pays 7
Selling Rembrandt
Bulwark1 wins the Rembrandt, and pays 7
Selling Picasso
Bulwark1 wins the Picasso, and pays 1
Selling Da_Vinci
Crescent wins the Da_Vinci, and pays 29
Selling Picasso
Bulwark1 wins the Picasso, and pays 1
Selling Picasso
Bulwark1 wins the Picasso, and pays 1
Selling Rembrandt
Bulwark2 wins the Rembrandt, and pays 7
Selling Van_Gogh
Bulwark1 wins the Van_Gogh, and pays 4
Selling Da_Vinci
Crescent wins the Da_Vinci, and pays 30
Selling Rembrandt
Bulwark1 wins the Rembrandt, and pays 7
Selling Van_Gogh
Bulwark1 wins the Van_Gogh, and pays 4
Selling Picasso
Bulwark1 wins the Picasso, and pays 1
Selling Van_Gogh
Bulwark1 wins the Van_Gogh, and pays 4
Selling Rembrandt
Bulwark2 wins the Rembrandt, and pays 7
Selling Da_Vinci
Crescent wins the Da_Vinci, and pays 31
Selling Da_Vinci
Crescent wins the Da_Vinci, and pays 32
Selling Da_Vinci
Crescent wins the Da_Vinci, and pays 33
Selling Da_Vinci
Crescent wins the Da_Vinci, and pays 34
Selling Rembrandt
Bulwark1 wins the Rembrandt, and pays 8
Selling Da_Vinci
Crescent wins the Da_Vinci, and pays 35
Selling Picasso
Bulwark1 wins the Picasso, and pays 1
Selling Picasso
Bulwark1 wins the Picasso, and pays 1
Selling Rembrandt
Bulwark1 wins the Rembrandt, and pays 8
Selling Van_Gogh
Bulwark1 wins the Van_Gogh, and pays 4
Selling Da_Vinci
Crescent wins the Da_Vinci, and pays 36
Selling Picasso
Bulwark1 wins the Picasso, and pays 1
Selling Rembrandt
Bulwark2 wins the Rembrandt, and pays 8
Selling Rembrandt
Bulwark2 wins the Rembrandt, and pays 8
Selling Picasso
Bulwark1 wins the Picasso, and pays 1
Selling Van_Gogh
Bulwark1 wins the Van_Gogh, and pays 4
Selling Picasso
Bulwark1 wins the Picasso, and pays 1
Selling Da_Vinci
Crescent wins the Da_Vinci, and pays 38
Selling Picasso
Bulwark1 wins the Picasso, and pays 1
Selling Rembrandt
Bulwark2 wins the Rembrandt, and pays 8
Selling Rembrandt
Bulwark2 wins the Rembrandt, and pays 8
Selling Van_Gogh
Bulwark2 wins the Van_Gogh, and pays 4
Selling Picasso
Bulwark1 wins the Picasso, and pays 1
Selling Van_Gogh
Bulwark1 wins the Van_Gogh, and pays 4
Selling Da_Vinci
Crescent wins the Da_Vinci, and pays 39
Selling Da_Vinci
Crescent wins the Da_Vinci, and pays 41
Selling Rembrandt
Bulwark2 wins the Rembrandt, and pays 8
Selling Da_Vinci
Crescent wins the Da_Vinci, and pays 43
Selling Rembrandt
Bulwark1 wins the Rembrandt, and pays 9
Selling Van_Gogh
Bulwark1 wins the Van_Gogh, and pays 5
Selling Van_Gogh
Bulwark1 wins the Van_Gogh, and pays 5
Selling Picasso
Bulwark1 wins the Picasso, and pays 1
Selling Van_Gogh
Bulwark1 wins the Van_Gogh, and pays 5
Selling Rembrandt
Bulwark1 wins the Rembrandt, and pays 9
Selling Van_Gogh
Bulwark1 wins the Van_Gogh, and pays 5
Selling Van_Gogh
Bulwark1 wins the Van_Gogh, and pays 5
Selling Da_Vinci
Crescent wins the Da_Vinci, and pays 45
Selling Rembrandt
Bulwark2 wins the Rembrandt, and pays 9
Selling Picasso
Bulwark1 wins the Picasso, and pays 1
Selling Picasso
Bulwark1 wins the Picasso, and pays 1
Selling Rembrandt
Bulwark2 wins the Rembrandt, and pays 9
Selling Da_Vinci
Crescent wins the Da_Vinci, and pays 38
Selling Da_Vinci
Bulwark3 wins the Da_Vinci, and pays 32
Selling Van_Gogh
Bulwark2 wins the Van_Gogh, and pays 5
Selling Rembrandt
Bulwark2 wins the Rembrandt, and pays 10
Selling Da_Vinci
Bulwark3 wins the Da_Vinci, and pays 32
Selling Da_Vinci
Bulwark3 wins the Da_Vinci, and pays 32
Selling Da_Vinci
Bulwark3 wins the Da_Vinci, and pays 32
Selling Van_Gogh
Bulwark1 wins the Van_Gogh, and pays 5
Selling Van_Gogh
Bulwark1 wins the Van_Gogh, and pays 5
Selling Picasso
Bulwark1 wins the Picasso, and pays 1
Selling Rembrandt
Bulwark2 wins the Rembrandt, and pays 10
Selling Da_Vinci
Bulwark3 wins the Da_Vinci, and pays 32
Selling Van_Gogh
Bulwark1 wins the Van_Gogh, and pays 5
Selling Picasso
Bulwark1 wins the Picasso, and pays 1
Selling Rembrandt
Bulwark2 wins the Rembrandt, and pays 11
Selling Rembrandt
Bulwark2 wins the Rembrandt, and pays 11
Selling Da_Vinci
Bulwark3 wins the Da_Vinci, and pays 32
Selling Rembrandt
Bulwark1 wins the Rembrandt, and pays 11
Selling Rembrandt
Bulwark1 wins the Rembrandt, and pays 11
Selling Van_Gogh
Bulwark1 wins the Van_Gogh, and pays 6
Selling Picasso
Bulwark1 wins the Picasso, and pays 2['Da_Vinci', 'Rembrandt', 'Van_Gogh', 'Picasso']

Selling Picasso
Bulwark1 wins the Picasso, and pays 2
Selling Da_Vinci
Bulwark3 wins the Da_Vinci, and pays 32
Selling Da_Vinci
Bulwark3 wins the Da_Vinci, and pays 32
Selling Picasso
Bulwark1 wins the Picasso, and pays 2
Selling Rembrandt
Bulwark1 wins the Rembrandt, and pays 12
Selling Rembrandt
Bulwark1 wins the Rembrandt, and pays 12
Selling Da_Vinci
Bulwark3 wins the Da_Vinci, and pays 32
Selling Da_Vinci
Bulwark3 wins the Da_Vinci, and pays 32
Selling Rembrandt
Bulwark2 wins the Rembrandt, and pays 14
Selling Da_Vinci
Bulwark3 wins the Da_Vinci, and pays 32
Selling Rembrandt
Bulwark2 wins the Rembrandt, and pays 14
Selling Da_Vinci
Bulwark3 wins the Da_Vinci, and pays 32
Selling Rembrandt
Bulwark2 wins the Rembrandt, and pays 15
Selling Da_Vinci
Bulwark3 wins the Da_Vinci, and pays 32
Selling Rembrandt
Bulwark2 wins the Rembrandt, and pays 15
Selling Da_Vinci
Bulwark3 wins the Da_Vinci, and pays 32
Selling Van_Gogh
Bulwark2 wins the Van_Gogh, and pays 8
Selling Da_Vinci
Bulwark2 wins the Da_Vinci, and pays 32
Selling Van_Gogh
Bulwark2 wins the Van_Gogh, and pays 8
Selling Rembrandt
Bulwark2 wins the Rembrandt, and pays 16
Selling Van_Gogh
Bulwark2 wins the Van_Gogh, and pays 8
Selling Picasso
Bulwark1 wins the Picasso, and pays 2
Selling Da_Vinci
Bulwark3 wins the Da_Vinci, and pays 34
Selling Rembrandt
Bulwark1 wins the Rembrandt, and pays 17
Selling Rembrandt
Bulwark1 wins the Rembrandt, and pays 17
Selling Picasso
Bulwark1 wins the Picasso, and pays 2
Selling Da_Vinci
Bulwark2 wins the Da_Vinci, and pays 35
Selling Da_Vinci
Bulwark3 wins the Da_Vinci, and pays 37
Selling Van_Gogh
Bulwark1 wins the Van_Gogh, and pays 10
Selling Picasso
Bulwark1 wins the Picasso, and pays 2
Selling Da_Vinci
Bulwark2 wins the Da_Vinci, and pays 38
Selling Da_Vinci
Bulwark3 wins the Da_Vinci, and pays 40
Selling Da_Vinci
Bulwark1 wins the Da_Vinci, and pays 42
Selling Rembrandt
Bulwark2 wins the Rembrandt, and pays 21
Selling Picasso
Bulwark1 wins the Picasso, and pays 3
Selling Picasso
Bulwark1 wins the Picasso, and pays 3
Selling Picasso
Bulwark1 wins the Picasso, and pays 3
Selling Da_Vinci
Bulwark2 wins the Da_Vinci, and pays 44
Selling Da_Vinci
Bulwark3 wins the Da_Vinci, and pays 49
Selling Van_Gogh
Bulwark1 wins the Van_Gogh, and pays 13
Selling Da_Vinci
Bulwark1 wins the Da_Vinci, and pays 50
Selling Da_Vinci
Bulwark3 wins the Da_Vinci, and pays 56
Selling Picasso
Bulwark1 wins the Picasso, and pays 3
Selling Picasso
Bulwark1 wins the Picasso, and pays 3
Selling Da_Vinci
Bulwark2 wins the Da_Vinci, and pays 58
Selling Da_Vinci
Bulwark3 wins the Da_Vinci, and pays 67
Selling Da_Vinci
Bulwark1 wins the Da_Vinci, and pays 69
Selling Van_Gogh
Bulwark2 wins the Van_Gogh, and pays 18
Selling Da_Vinci
Bulwark3 wins the Da_Vinci, and pays 89
Selling Van_Gogh
Bulwark2 wins the Van_Gogh, and pays 22
Selling Van_Gogh
Bulwark2 wins the Van_Gogh, and pays 22
Selling Van_Gogh
Bulwark1 wins the Van_Gogh, and pays 23
Selling Rembrandt
Bulwark1 wins the Rembrandt, and pays 46
Selling Van_Gogh
Bulwark2 wins the Van_Gogh, and pays 25
Selling Rembrandt
Bulwark2 wins the Rembrandt, and pays 51
Selling Rembrandt
Bulwark1 wins the Rembrandt, and pays 54
Selling Rembrandt
Bulwark2 wins the Rembrandt, and pays 59
Selling Picasso
Bulwark1 wins the Picasso, and pays 7
Selling Da_Vinci
Bulwark1 wins the Da_Vinci, and pays 127
Selling Van_Gogh
Bulwark2 wins the Van_Gogh, and pays 47
Selling Picasso
Bulwark2 wins the Picasso, and pays 9
Selling Rembrandt
Bulwark2 wins the Rembrandt, and pays 94
Selling Da_Vinci
Bulwark1 wins the Da_Vinci, and pays 226
Crescent has won with 600 total value!
Starting AuctionServer
Starting AuctionClient on port 8060 with name Crescent
Starting AuctionClient on port 8061 with name Bulwark1
Starting AuctionClient on port 8062 with name Bulwark2
Starting AuctionClient on port 8063 with name Bulwark3
Starting AuctionClient on port 8064 with name Bidbot1
Starting AuctionClient on port 8065 with name Bidbot2
